<?xml version="1.0" encoding="UTF-8"?>
<testsuite xmlns:xsi="http://www.w3.org/2001/XMLSchema-instance" xsi:noNamespaceSchemaLocation="https://maven.apache.org/surefire/maven-surefire-plugin/xsd/surefire-test-report-3.0.xsd" version="3.0" name="runners.TestRunner" time="219.635" tests="7" errors="0" skipped="0" failures="0">
  <properties>
    <property name="sun.desktop" value="windows"/>
    <property name="awt.toolkit" value="sun.awt.windows.WToolkit"/>
    <property name="java.specification.version" value="11"/>
    <property name="sun.cpu.isalist" value="amd64"/>
    <property name="sun.jnu.encoding" value="Cp1252"/>
    <property name="java.class.path" value="D:\DOCUMENTOS\Yo\WEDOX\Entregables\Pruebas Automatizado\RegresionTesting\target\test-classes;D:\DOCUMENTOS\Yo\WEDOX\Entregables\Pruebas Automatizado\RegresionTesting\target\classes;C:\Users\usuario\.m2\repository\org\seleniumhq\selenium\selenium-java\4.14.1\selenium-java-4.14.1.jar;C:\Users\usuario\.m2\repository\org\seleniumhq\selenium\selenium-api\4.14.1\selenium-api-4.14.1.jar;C:\Users\usuario\.m2\repository\org\seleniumhq\selenium\selenium-chrome-driver\4.14.1\selenium-chrome-driver-4.14.1.jar;C:\Users\usuario\.m2\repository\com\google\auto\service\auto-service-annotations\1.1.1\auto-service-annotations-1.1.1.jar;C:\Users\usuario\.m2\repository\com\google\guava\guava\32.1.2-jre\guava-32.1.2-jre.jar;C:\Users\usuario\.m2\repository\com\google\guava\failureaccess\1.0.1\failureaccess-1.0.1.jar;C:\Users\usuario\.m2\repository\com\google\guava\listenablefuture\9999.0-empty-to-avoid-conflict-with-guava\listenablefuture-9999.0-empty-to-avoid-conflict-with-guava.jar;C:\Users\usuario\.m2\repository\com\google\code\findbugs\jsr305\3.0.2\jsr305-3.0.2.jar;C:\Users\usuario\.m2\repository\org\checkerframework\checker-qual\3.33.0\checker-qual-3.33.0.jar;C:\Users\usuario\.m2\repository\com\google\errorprone\error_prone_annotations\2.18.0\error_prone_annotations-2.18.0.jar;C:\Users\usuario\.m2\repository\com\google\j2objc\j2objc-annotations\2.8\j2objc-annotations-2.8.jar;C:\Users\usuario\.m2\repository\org\seleniumhq\selenium\selenium-chromium-driver\4.14.1\selenium-chromium-driver-4.14.1.jar;C:\Users\usuario\.m2\repository\org\seleniumhq\selenium\selenium-json\4.14.1\selenium-json-4.14.1.jar;C:\Users\usuario\.m2\repository\org\seleniumhq\selenium\selenium-manager\4.14.1\selenium-manager-4.14.1.jar;C:\Users\usuario\.m2\repository\org\seleniumhq\selenium\selenium-devtools-v116\4.14.1\selenium-devtools-v116-4.14.1.jar;C:\Users\usuario\.m2\repository\org\seleniumhq\selenium\selenium-devtools-v117\4.14.1\selenium-devtools-v117-4.14.1.jar;C:\Users\usuario\.m2\repository\org\seleniumhq\selenium\selenium-devtools-v118\4.14.1\selenium-devtools-v118-4.14.1.jar;C:\Users\usuario\.m2\repository\org\seleniumhq\selenium\selenium-devtools-v85\4.14.1\selenium-devtools-v85-4.14.1.jar;C:\Users\usuario\.m2\repository\org\seleniumhq\selenium\selenium-edge-driver\4.14.1\selenium-edge-driver-4.14.1.jar;C:\Users\usuario\.m2\repository\org\seleniumhq\selenium\selenium-firefox-driver\4.14.1\selenium-firefox-driver-4.14.1.jar;C:\Users\usuario\.m2\repository\org\seleniumhq\selenium\selenium-http\4.14.1\selenium-http-4.14.1.jar;C:\Users\usuario\.m2\repository\dev\failsafe\failsafe\3.3.2\failsafe-3.3.2.jar;C:\Users\usuario\.m2\repository\org\seleniumhq\selenium\selenium-ie-driver\4.14.1\selenium-ie-driver-4.14.1.jar;C:\Users\usuario\.m2\repository\org\seleniumhq\selenium\selenium-remote-driver\4.14.1\selenium-remote-driver-4.14.1.jar;C:\Users\usuario\.m2\repository\io\opentelemetry\opentelemetry-api\1.28.0\opentelemetry-api-1.28.0.jar;C:\Users\usuario\.m2\repository\io\opentelemetry\opentelemetry-context\1.28.0\opentelemetry-context-1.28.0.jar;C:\Users\usuario\.m2\repository\io\opentelemetry\opentelemetry-exporter-logging\1.28.0\opentelemetry-exporter-logging-1.28.0.jar;C:\Users\usuario\.m2\repository\io\opentelemetry\opentelemetry-sdk-metrics\1.28.0\opentelemetry-sdk-metrics-1.28.0.jar;C:\Users\usuario\.m2\repository\io\opentelemetry\opentelemetry-extension-incubator\1.28.0-alpha\opentelemetry-extension-incubator-1.28.0-alpha.jar;C:\Users\usuario\.m2\repository\io\opentelemetry\opentelemetry-sdk-logs\1.28.0\opentelemetry-sdk-logs-1.28.0.jar;C:\Users\usuario\.m2\repository\io\opentelemetry\opentelemetry-sdk-common\1.28.0\opentelemetry-sdk-common-1.28.0.jar;C:\Users\usuario\.m2\repository\io\opentelemetry\opentelemetry-sdk-extension-autoconfigure-spi\1.28.0\opentelemetry-sdk-extension-autoconfigure-spi-1.28.0.jar;C:\Users\usuario\.m2\repository\io\opentelemetry\opentelemetry-sdk-extension-autoconfigure\1.28.0\opentelemetry-sdk-extension-autoconfigure-1.28.0.jar;C:\Users\usuario\.m2\repository\io\opentelemetry\opentelemetry-api-events\1.28.0-alpha\opentelemetry-api-events-1.28.0-alpha.jar;C:\Users\usuario\.m2\repository\io\opentelemetry\opentelemetry-sdk-trace\1.28.0\opentelemetry-sdk-trace-1.28.0.jar;C:\Users\usuario\.m2\repository\io\opentelemetry\opentelemetry-sdk\1.28.0\opentelemetry-sdk-1.28.0.jar;C:\Users\usuario\.m2\repository\io\opentelemetry\opentelemetry-semconv\1.28.0-alpha\opentelemetry-semconv-1.28.0-alpha.jar;C:\Users\usuario\.m2\repository\net\bytebuddy\byte-buddy\1.14.5\byte-buddy-1.14.5.jar;C:\Users\usuario\.m2\repository\org\seleniumhq\selenium\selenium-os\4.14.1\selenium-os-4.14.1.jar;C:\Users\usuario\.m2\repository\org\apache\commons\commons-exec\1.3\commons-exec-1.3.jar;C:\Users\usuario\.m2\repository\org\seleniumhq\selenium\selenium-safari-driver\4.14.1\selenium-safari-driver-4.14.1.jar;C:\Users\usuario\.m2\repository\org\seleniumhq\selenium\selenium-support\4.14.1\selenium-support-4.14.1.jar;C:\Users\usuario\.m2\repository\io\cucumber\cucumber-java\7.14.0\cucumber-java-7.14.0.jar;C:\Users\usuario\.m2\repository\io\cucumber\cucumber-core\7.14.0\cucumber-core-7.14.0.jar;C:\Users\usuario\.m2\repository\io\cucumber\cucumber-gherkin\7.14.0\cucumber-gherkin-7.14.0.jar;C:\Users\usuario\.m2\repository\io\cucumber\cucumber-gherkin-messages\7.14.0\cucumber-gherkin-messages-7.14.0.jar;C:\Users\usuario\.m2\repository\io\cucumber\gherkin\26.2.0\gherkin-26.2.0.jar;C:\Users\usuario\.m2\repository\io\cucumber\messages\22.0.0\messages-22.0.0.jar;C:\Users\usuario\.m2\repository\io\cucumber\tag-expressions\5.0.6\tag-expressions-5.0.6.jar;C:\Users\usuario\.m2\repository\io\cucumber\cucumber-expressions\16.1.2\cucumber-expressions-16.1.2.jar;C:\Users\usuario\.m2\repository\io\cucumber\datatable\7.14.0\datatable-7.14.0.jar;C:\Users\usuario\.m2\repository\io\cucumber\cucumber-plugin\7.14.0\cucumber-plugin-7.14.0.jar;C:\Users\usuario\.m2\repository\io\cucumber\docstring\7.14.0\docstring-7.14.0.jar;C:\Users\usuario\.m2\repository\io\cucumber\html-formatter\20.4.0\html-formatter-20.4.0.jar;C:\Users\usuario\.m2\repository\io\cucumber\junit-xml-formatter\0.2.0\junit-xml-formatter-0.2.0.jar;C:\Users\usuario\.m2\repository\io\cucumber\ci-environment\9.2.0\ci-environment-9.2.0.jar;C:\Users\usuario\.m2\repository\org\apiguardian\apiguardian-api\1.1.2\apiguardian-api-1.1.2.jar;C:\Users\usuario\.m2\repository\junit\junit\4.13.2\junit-4.13.2.jar;C:\Users\usuario\.m2\repository\org\hamcrest\hamcrest-core\1.3\hamcrest-core-1.3.jar;C:\Users\usuario\.m2\repository\io\cucumber\cucumber-junit\7.14.0\cucumber-junit-7.14.0.jar;"/>
    <property name="java.vm.vendor" value="Oracle Corporation"/>
    <property name="sun.arch.data.model" value="64"/>
    <property name="user.variant" value=""/>
    <property name="java.vendor.url" value="https://openjdk.java.net/"/>
    <property name="user.timezone" value="America/Bogota"/>
    <property name="user.country.format" value="ES"/>
    <property name="java.vm.specification.version" value="11"/>
    <property name="os.name" value="Windows 11"/>
    <property name="sun.java.launcher" value="SUN_STANDARD"/>
    <property name="user.country" value="US"/>
    <property name="sun.boot.library.path" value="C:\Program Files\Java\jdk-11.0.16.1\bin"/>
    <property name="sun.java.command" value="C:\Users\usuario\AppData\Local\Temp\surefire9201328574669617608\surefirebooter-20240110002328756_3.jar C:\Users\usuario\AppData\Local\Temp\surefire9201328574669617608 2024-01-10T00-23-28_200-jvmRun1 surefire-20240110002328756_1tmp surefire_0-20240110002328756_2tmp"/>
    <property name="jdk.debug" value="release"/>
    <property name="surefire.test.class.path" value="D:\DOCUMENTOS\Yo\WEDOX\Entregables\Pruebas Automatizado\RegresionTesting\target\test-classes;D:\DOCUMENTOS\Yo\WEDOX\Entregables\Pruebas Automatizado\RegresionTesting\target\classes;C:\Users\usuario\.m2\repository\org\seleniumhq\selenium\selenium-java\4.14.1\selenium-java-4.14.1.jar;C:\Users\usuario\.m2\repository\org\seleniumhq\selenium\selenium-api\4.14.1\selenium-api-4.14.1.jar;C:\Users\usuario\.m2\repository\org\seleniumhq\selenium\selenium-chrome-driver\4.14.1\selenium-chrome-driver-4.14.1.jar;C:\Users\usuario\.m2\repository\com\google\auto\service\auto-service-annotations\1.1.1\auto-service-annotations-1.1.1.jar;C:\Users\usuario\.m2\repository\com\google\guava\guava\32.1.2-jre\guava-32.1.2-jre.jar;C:\Users\usuario\.m2\repository\com\google\guava\failureaccess\1.0.1\failureaccess-1.0.1.jar;C:\Users\usuario\.m2\repository\com\google\guava\listenablefuture\9999.0-empty-to-avoid-conflict-with-guava\listenablefuture-9999.0-empty-to-avoid-conflict-with-guava.jar;C:\Users\usuario\.m2\repository\com\google\code\findbugs\jsr305\3.0.2\jsr305-3.0.2.jar;C:\Users\usuario\.m2\repository\org\checkerframework\checker-qual\3.33.0\checker-qual-3.33.0.jar;C:\Users\usuario\.m2\repository\com\google\errorprone\error_prone_annotations\2.18.0\error_prone_annotations-2.18.0.jar;C:\Users\usuario\.m2\repository\com\google\j2objc\j2objc-annotations\2.8\j2objc-annotations-2.8.jar;C:\Users\usuario\.m2\repository\org\seleniumhq\selenium\selenium-chromium-driver\4.14.1\selenium-chromium-driver-4.14.1.jar;C:\Users\usuario\.m2\repository\org\seleniumhq\selenium\selenium-json\4.14.1\selenium-json-4.14.1.jar;C:\Users\usuario\.m2\repository\org\seleniumhq\selenium\selenium-manager\4.14.1\selenium-manager-4.14.1.jar;C:\Users\usuario\.m2\repository\org\seleniumhq\selenium\selenium-devtools-v116\4.14.1\selenium-devtools-v116-4.14.1.jar;C:\Users\usuario\.m2\repository\org\seleniumhq\selenium\selenium-devtools-v117\4.14.1\selenium-devtools-v117-4.14.1.jar;C:\Users\usuario\.m2\repository\org\seleniumhq\selenium\selenium-devtools-v118\4.14.1\selenium-devtools-v118-4.14.1.jar;C:\Users\usuario\.m2\repository\org\seleniumhq\selenium\selenium-devtools-v85\4.14.1\selenium-devtools-v85-4.14.1.jar;C:\Users\usuario\.m2\repository\org\seleniumhq\selenium\selenium-edge-driver\4.14.1\selenium-edge-driver-4.14.1.jar;C:\Users\usuario\.m2\repository\org\seleniumhq\selenium\selenium-firefox-driver\4.14.1\selenium-firefox-driver-4.14.1.jar;C:\Users\usuario\.m2\repository\org\seleniumhq\selenium\selenium-http\4.14.1\selenium-http-4.14.1.jar;C:\Users\usuario\.m2\repository\dev\failsafe\failsafe\3.3.2\failsafe-3.3.2.jar;C:\Users\usuario\.m2\repository\org\seleniumhq\selenium\selenium-ie-driver\4.14.1\selenium-ie-driver-4.14.1.jar;C:\Users\usuario\.m2\repository\org\seleniumhq\selenium\selenium-remote-driver\4.14.1\selenium-remote-driver-4.14.1.jar;C:\Users\usuario\.m2\repository\io\opentelemetry\opentelemetry-api\1.28.0\opentelemetry-api-1.28.0.jar;C:\Users\usuario\.m2\repository\io\opentelemetry\opentelemetry-context\1.28.0\opentelemetry-context-1.28.0.jar;C:\Users\usuario\.m2\repository\io\opentelemetry\opentelemetry-exporter-logging\1.28.0\opentelemetry-exporter-logging-1.28.0.jar;C:\Users\usuario\.m2\repository\io\opentelemetry\opentelemetry-sdk-metrics\1.28.0\opentelemetry-sdk-metrics-1.28.0.jar;C:\Users\usuario\.m2\repository\io\opentelemetry\opentelemetry-extension-incubator\1.28.0-alpha\opentelemetry-extension-incubator-1.28.0-alpha.jar;C:\Users\usuario\.m2\repository\io\opentelemetry\opentelemetry-sdk-logs\1.28.0\opentelemetry-sdk-logs-1.28.0.jar;C:\Users\usuario\.m2\repository\io\opentelemetry\opentelemetry-sdk-common\1.28.0\opentelemetry-sdk-common-1.28.0.jar;C:\Users\usuario\.m2\repository\io\opentelemetry\opentelemetry-sdk-extension-autoconfigure-spi\1.28.0\opentelemetry-sdk-extension-autoconfigure-spi-1.28.0.jar;C:\Users\usuario\.m2\repository\io\opentelemetry\opentelemetry-sdk-extension-autoconfigure\1.28.0\opentelemetry-sdk-extension-autoconfigure-1.28.0.jar;C:\Users\usuario\.m2\repository\io\opentelemetry\opentelemetry-api-events\1.28.0-alpha\opentelemetry-api-events-1.28.0-alpha.jar;C:\Users\usuario\.m2\repository\io\opentelemetry\opentelemetry-sdk-trace\1.28.0\opentelemetry-sdk-trace-1.28.0.jar;C:\Users\usuario\.m2\repository\io\opentelemetry\opentelemetry-sdk\1.28.0\opentelemetry-sdk-1.28.0.jar;C:\Users\usuario\.m2\repository\io\opentelemetry\opentelemetry-semconv\1.28.0-alpha\opentelemetry-semconv-1.28.0-alpha.jar;C:\Users\usuario\.m2\repository\net\bytebuddy\byte-buddy\1.14.5\byte-buddy-1.14.5.jar;C:\Users\usuario\.m2\repository\org\seleniumhq\selenium\selenium-os\4.14.1\selenium-os-4.14.1.jar;C:\Users\usuario\.m2\repository\org\apache\commons\commons-exec\1.3\commons-exec-1.3.jar;C:\Users\usuario\.m2\repository\org\seleniumhq\selenium\selenium-safari-driver\4.14.1\selenium-safari-driver-4.14.1.jar;C:\Users\usuario\.m2\repository\org\seleniumhq\selenium\selenium-support\4.14.1\selenium-support-4.14.1.jar;C:\Users\usuario\.m2\repository\io\cucumber\cucumber-java\7.14.0\cucumber-java-7.14.0.jar;C:\Users\usuario\.m2\repository\io\cucumber\cucumber-core\7.14.0\cucumber-core-7.14.0.jar;C:\Users\usuario\.m2\repository\io\cucumber\cucumber-gherkin\7.14.0\cucumber-gherkin-7.14.0.jar;C:\Users\usuario\.m2\repository\io\cucumber\cucumber-gherkin-messages\7.14.0\cucumber-gherkin-messages-7.14.0.jar;C:\Users\usuario\.m2\repository\io\cucumber\gherkin\26.2.0\gherkin-26.2.0.jar;C:\Users\usuario\.m2\repository\io\cucumber\messages\22.0.0\messages-22.0.0.jar;C:\Users\usuario\.m2\repository\io\cucumber\tag-expressions\5.0.6\tag-expressions-5.0.6.jar;C:\Users\usuario\.m2\repository\io\cucumber\cucumber-expressions\16.1.2\cucumber-expressions-16.1.2.jar;C:\Users\usuario\.m2\repository\io\cucumber\datatable\7.14.0\datatable-7.14.0.jar;C:\Users\usuario\.m2\repository\io\cucumber\cucumber-plugin\7.14.0\cucumber-plugin-7.14.0.jar;C:\Users\usuario\.m2\repository\io\cucumber\docstring\7.14.0\docstring-7.14.0.jar;C:\Users\usuario\.m2\repository\io\cucumber\html-formatter\20.4.0\html-formatter-20.4.0.jar;C:\Users\usuario\.m2\repository\io\cucumber\junit-xml-formatter\0.2.0\junit-xml-formatter-0.2.0.jar;C:\Users\usuario\.m2\repository\io\cucumber\ci-environment\9.2.0\ci-environment-9.2.0.jar;C:\Users\usuario\.m2\repository\org\apiguardian\apiguardian-api\1.1.2\apiguardian-api-1.1.2.jar;C:\Users\usuario\.m2\repository\junit\junit\4.13.2\junit-4.13.2.jar;C:\Users\usuario\.m2\repository\org\hamcrest\hamcrest-core\1.3\hamcrest-core-1.3.jar;C:\Users\usuario\.m2\repository\io\cucumber\cucumber-junit\7.14.0\cucumber-junit-7.14.0.jar;"/>
    <property name="sun.cpu.endian" value="little"/>
    <property name="user.home" value="C:\Users\usuario"/>
    <property name="user.language" value="en"/>
    <property name="java.specification.vendor" value="Oracle Corporation"/>
    <property name="java.version.date" value="2022-08-18"/>
    <property name="java.home" value="C:\Program Files\Java\jdk-11.0.16.1"/>
    <property name="file.separator" value="\"/>
    <property name="basedir" value="D:\DOCUMENTOS\Yo\WEDOX\Entregables\Pruebas Automatizado\RegresionTesting"/>
    <property name="java.vm.compressedOopsMode" value="Zero based"/>
    <property name="line.separator" value="&#10;"/>
    <property name="java.specification.name" value="Java Platform API Specification"/>
    <property name="java.vm.specification.vendor" value="Oracle Corporation"/>
    <property name="java.awt.graphicsenv" value="sun.awt.Win32GraphicsEnvironment"/>
    <property name="surefire.real.class.path" value="C:\Users\usuario\AppData\Local\Temp\surefire9201328574669617608\surefirebooter-20240110002328756_3.jar"/>
    <property name="user.script" value=""/>
    <property name="sun.management.compiler" value="HotSpot 64-Bit Tiered Compilers"/>
    <property name="java.runtime.version" value="11.0.16.1+1-LTS-1"/>
    <property name="user.name" value="usuario"/>
    <property name="path.separator" value=";"/>
    <property name="os.version" value="10.0"/>
    <property name="java.runtime.name" value="Java(TM) SE Runtime Environment"/>
    <property name="file.encoding" value="Cp1252"/>
    <property name="java.vm.name" value="Java HotSpot(TM) 64-Bit Server VM"/>
    <property name="java.vendor.version" value="18.9"/>
    <property name="localRepository" value="C:\Users\usuario\.m2\repository"/>
    <property name="java.vendor.url.bug" value="https://bugreport.java.com/bugreport/"/>
    <property name="java.io.tmpdir" value="C:\Users\usuario\AppData\Local\Temp\"/>
    <property name="java.version" value="11.0.16.1"/>
    <property name="user.dir" value="D:\DOCUMENTOS\Yo\WEDOX\Entregables\Pruebas Automatizado\RegresionTesting"/>
    <property name="os.arch" value="amd64"/>
    <property name="java.vm.specification.name" value="Java Virtual Machine Specification"/>
    <property name="java.awt.printerjob" value="sun.awt.windows.WPrinterJob"/>
    <property name="user.language.format" value="es"/>
    <property name="sun.os.patch.level" value=""/>
    <property name="java.library.path" value="C:\Program Files\Java\jdk-11.0.16.1\bin;C:\WINDOWS\Sun\Java\bin;C:\WINDOWS\system32;C:\WINDOWS;C:\Archivos de programa\Java\jdk-11.0.7\bin;C:\Users\usuario\Downloads\WINDOWS.X64_193000_db_home\bin;C:\Program Files\Microsoft MPI\Bin\;C:\WINDOWS\system32;C:\WINDOWS;C:\WINDOWS\System32\Wbem;C:\WINDOWS\System32\WindowsPowerShell\v1.0\;C:\WINDOWS\System32\OpenSSH\;C:\xampp\php;C:\ProgramData\ComposerSetup\bin;C:\Users\usuario\.dnx\bin;C:\Program Files\Microsoft DNX\Dnvm\;C:\Program Files\Microsoft SQL Server\130\Tools\Binn\;C:\Program Files (x86)\Microsoft SQL Server\110\DTS\Binn\;C:\Program Files (x86)\Microsoft SQL Server\120\DTS\Binn\;C:\Program Files (x86)\Microsoft SQL Server\130\DTS\Binn\;C:\Program Files (x86)\Microsoft SQL Server\140\DTS\Binn\;C:\Program Files (x86;C:\maven\apache-maven-3.9.4-bin\apache-maven-3.9.4\bin;C:\Program Files\Java\jdk-11.0.16.1\bin;C:\Program Files\Git\cmd;C:\Program Files\Microsoft SQL Server\Client SDK\ODBC\170\Tools\Binn\;C:\Program Files (x86)\Microsoft SQL Server\150\Tools\Binn\;C:\Program Files\Microsoft SQL Server\150\Tools\Binn\;C:\Program Files\Microsoft SQL Server\150\DTS\Binn\;C:\Program Files (x86)\Microsoft SQL Server\150\DTS\Binn\;C:\Program Files\Azure Data Studio\bin;C:\Program Files\dotnet\;C:\Program Files\nodejs\;C:\Program Files\NVIDIA Corporation\NVIDIA NvDLISR;C:\Users\usuario\.console-ninja\.bin;C:\Program Files\MySQL\MySQL Shell 8.0\bin\;C:\Users\usuario\AppData\Local\Programs\Python\Python310\Scripts\;C:\Users\usuario\AppData\Local\Programs\Python\Python310\;C:\Users\usuario\AppData\Local\Microsoft\WindowsApps;D:\Microsoft VS Code\bin;C:\Users\usuario\AppData\Roaming\Composer\vendor\bin;D:\IntelliJ IDEA\IntelliJ IDEA Community Edition 2021.3.3\bin;D:\PyCharm Community Edition 2022.1.2\bin;C:\Program Files\Java\jdk-11.0.16.1\bin;C:\Users\usuario\AppData\Local\GitHubDesktop\bin;C:\maven\bin;C:\Program Files\Azure Data Studio\bin;C:\Users\usuario\.dotnet\tools;C:\Program Files\Java\jdk-11.0.16.1\bin;%SPARK_HOME%\bin;C:\Users\usuario\AppData\Roaming\npm;C:\Users\usuario\.dotnet\tools;."/>
    <property name="java.vendor" value="Oracle Corporation"/>
    <property name="java.vm.info" value="mixed mode"/>
    <property name="java.vm.version" value="11.0.16.1+1-LTS-1"/>
    <property name="sun.io.unicode.encoding" value="UnicodeLittle"/>
    <property name="java.class.version" value="55.0"/>
  </properties>
  <testcase name="Crear company" classname="Probar el ciclo de vida del componente Position" time="28.307">
    <system-out><![CDATA[
Scenario: Crear company                                                                        # src/test/resources/features/osm/position/position.feature:7
  Given el usuario ha iniciado sesiÃ³n y esta en la aplicaciÃ³n Organizational Structure Manager # stepdefinitions.CommonSteps.el_usuario_ha_iniciado_sesiÃ³n_y_esta_en_la_aplicaciÃ³n_organizational_structure_manager()
  Given el usuario hace click en la opciÃ³n New Company                                         # stepdefinitions.osm.company.CompanySteps.el_usuario_hace_click_en_la_opciÃ³n_new_company()
  When llena el formulario del company con los siguientes valores:                             # stepdefinitions.osm.company.CompanySteps.llena_el_formulario_del_company_con_los_siguientes_valores(java.util.Map<java.lang.String, java.lang.String>)
    | Field       | Value           |
    | name        | CompanyPosition |
    | displayName | CompanyPosition |
    | description | CompanyPosition |
    | taxNumber   | TX-25           |
  And hace clic en el botÃ³n de guardar                                                         # stepdefinitions.CommonSteps.hace_clic_en_el_botÃ³n_de_guardar()
  Then se muestra un mensaje confirmando que se ha creado el company                           # stepdefinitions.osm.company.CompanySteps.se_muestra_un_mensaje_confirmando_que_se_ha_creado_el_company()
]]></system-out>
    <system-err><![CDATA[ene. 10, 2024 12:23:32 A. M. org.openqa.selenium.devtools.CdpVersionFinder findNearestMatch
WARNING: Unable to find an exact match for CDP version 120, returning the closest version; found: 118; Please update to a Selenium version that supports CDP version 120
]]></system-err>
  </testcase>
  <testcase name="Crear Organizational Unit" classname="Probar el ciclo de vida del componente Position" time="30.46">
    <system-out><![CDATA[
Scenario Outline: Crear Organizational Unit                                                       # src/test/resources/features/osm/position/position.feature:29
  Given el usuario ha iniciado sesiÃ³n y esta en la aplicaciÃ³n Organizational Structure Manager    # stepdefinitions.CommonSteps.el_usuario_ha_iniciado_sesiÃ³n_y_esta_en_la_aplicaciÃ³n_organizational_structure_manager()
  Given se tiene el company 'CompanyPosition' y hace clic en la opciÃ³n de New Organizational Unit # stepdefinitions.osm.organizationalunit.OrganizationalUnitSteps.se_tiene_el_company_y_hace_clic_en_la_opciÃ³n_de_new_organizational_unit(java.lang.String)
  When llena el formulario de organizational unit con los siguientes valores:                     # stepdefinitions.osm.organizationalunit.OrganizationalUnitSteps.llena_el_formulario_de_organizational_unit_con_los_siguientes_valores(java.util.Map<java.lang.String, java.lang.String>)
    | Field       | Value       |
    | name        | OU-Position |
    | displayName | OU-Position |
    | description | OU-Position |
  And hace clic en el botÃ³n de guardar                                                            # stepdefinitions.CommonSteps.hace_clic_en_el_botÃ³n_de_guardar()
  Then se muestra un mensaje confirmando que se ha creado el Organizational Unit                  # stepdefinitions.osm.organizationalunit.OrganizationalUnitSteps.se_muestra_un_mensaje_confirmando_que_se_ha_creado_el_organizational_unit()
]]></system-out>
  </testcase>
  <testcase name="TCR-33 Crear un position" classname="Probar el ciclo de vida del componente Position" time="34.038">
    <system-out><![CDATA[
Scenario Outline: TCR-33 Crear un position                                                     # src/test/resources/features/osm/position/position.feature:43
  Given el usuario ha iniciado sesiÃ³n y esta en la aplicaciÃ³n Organizational Structure Manager # stepdefinitions.CommonSteps.el_usuario_ha_iniciado_sesiÃ³n_y_esta_en_la_aplicaciÃ³n_organizational_structure_manager()
  Given se tiene el company 'CompanyPosition' y el organizational unit 'OU-Position'           # stepdefinitions.osm.position.PositionSteps.se_tiene_el_company_y_el_organizational_unit(java.lang.String,java.lang.String)
  And el usuario hace clic en la opciÃ³n de New Position                                        # stepdefinitions.osm.position.PositionSteps.el_usuario_hace_clic_en_la_opciÃ³n_de_new_position()
  When llena el formulario del position con los siguientes valores:                            # stepdefinitions.osm.position.PositionSteps.llena_el_formulario_del_position_con_los_siguientes_valores(java.util.Map<java.lang.String, java.lang.String>)
    | Field       | Value     |
    | name        | Position1 |
    | displayName | Position1 |
    | description | Position1 |
  And hace clic en el botÃ³n de guardar                                                         # stepdefinitions.CommonSteps.hace_clic_en_el_botÃ³n_de_guardar()
  Then se muestra un mensaje confirmando que se ha creado el position                          # stepdefinitions.osm.position.PositionSteps.se_muestra_un_mensaje_confirmando_que_se_ha_creado_el_position()
]]></system-out>
  </testcase>
  <testcase name="TCR-34 Editar un position" classname="Probar el ciclo de vida del componente Position" time="40.719">
    <system-out><![CDATA[
Scenario Outline: TCR-34 Editar un position                                                    # src/test/resources/features/osm/position/position.feature:56
  Given el usuario ha iniciado sesiÃ³n y esta en la aplicaciÃ³n Organizational Structure Manager # stepdefinitions.CommonSteps.el_usuario_ha_iniciado_sesiÃ³n_y_esta_en_la_aplicaciÃ³n_organizational_structure_manager()
  Given se tiene el company 'CompanyPosition' y el organizational unit 'OU-Position'           # stepdefinitions.osm.position.PositionSteps.se_tiene_el_company_y_el_organizational_unit(java.lang.String,java.lang.String)
  When el usuario hace clic en el botÃ³n de editar para el position 'Position1' seleccionado    # stepdefinitions.osm.position.PositionSteps.el_usuario_hace_clic_en_el_botÃ³n_de_editar_para_el_position_seleccionado(java.lang.String)
  And realiza la ediciÃ³n del formulario del position con los siguientes valores:               # stepdefinitions.osm.position.PositionSteps.realiza_la_ediciÃ³n_del_formulario_del_position_con_los_siguientes_valores(java.util.Map<java.lang.String, java.lang.String>)
    | Field       | Nuevo valor |
    | name        | Position2   |
    | displayName | Position2   |
    | description | Position2   |
  Then se muestra un mensaje confirmando la ediciÃ³n exitosa del position                       # stepdefinitions.osm.position.PositionSteps.se_muestra_un_mensaje_confirmando_la_ediciÃ³n_exitosa_del_position()
]]></system-out>
  </testcase>
  <testcase name="TCR-35 Eliminar un position" classname="Probar el ciclo de vida del componente Position" time="33.521">
    <system-out><![CDATA[
Scenario Outline: TCR-35 Eliminar un position                                                  # src/test/resources/features/osm/position/position.feature:65
  Given el usuario ha iniciado sesiÃ³n y esta en la aplicaciÃ³n Organizational Structure Manager # stepdefinitions.CommonSteps.el_usuario_ha_iniciado_sesiÃ³n_y_esta_en_la_aplicaciÃ³n_organizational_structure_manager()
  Given se tiene el company 'CompanyPosition' y el organizational unit 'OU-Position'           # stepdefinitions.osm.position.PositionSteps.se_tiene_el_company_y_el_organizational_unit(java.lang.String,java.lang.String)
  When el usuario hace clic derecho en el position 'Position2'                                 # stepdefinitions.osm.position.PositionSteps.el_usuario_hace_clic_derecho_en_el_position(java.lang.String)
  And hace clic en la opciÃ³n Delete Position                                                   # stepdefinitions.osm.position.PositionSteps.hace_clic_en_la_opciÃ³n_delete_position()
  Then se muestra un mensaje confirmando que se ha eliminado el Position                       # stepdefinitions.osm.position.PositionSteps.se_muestra_un_mensaje_confirmando_que_se_ha_eliminado_el_position()
]]></system-out>
  </testcase>
  <testcase name="Eliminar Organizational Unit" classname="Probar el ciclo de vida del componente Position" time="27.956">
    <system-out><![CDATA[
Scenario Outline: Eliminar Organizational Unit                                                                        # src/test/resources/features/osm/position/position.feature:74
  Given el usuario ha iniciado sesiÃ³n y esta en la aplicaciÃ³n Organizational Structure Manager                        # stepdefinitions.CommonSteps.el_usuario_ha_iniciado_sesiÃ³n_y_esta_en_la_aplicaciÃ³n_organizational_structure_manager()
  Given se tiene el company 'CompanyPosition' y el usuario hace click derecho en el organizational unit 'OU-Position' # stepdefinitions.osm.organizationalunit.OrganizationalUnitSteps.se_tiene_el_company_y_el_usuario_hace_click_derecho_en_el_organizational_unit(java.lang.String,java.lang.String)
  When el usuario hace click derecho en la opciÃ³n Delete Organizational Unit                                          # stepdefinitions.osm.organizationalunit.OrganizationalUnitSteps.el_usuario_hace_click_derecho_en_la_opciÃ³n_delete_organizational_unit()
  Then se muestra un mensaje confirmando que se ha eliminado el Organizational Unit                                   # stepdefinitions.osm.organizationalunit.OrganizationalUnitSteps.se_muestra_un_mensaje_confirmando_que_se_ha_eliminado_el_organizational_unit()
]]></system-out>
  </testcase>
  <testcase name="Eliminar company" classname="Probar el ciclo de vida del componente Position" time="23.456">
    <system-out><![CDATA[
Scenario Outline: Eliminar company                                                             # src/test/resources/features/osm/position/position.feature:82
  Given el usuario ha iniciado sesiÃ³n y esta en la aplicaciÃ³n Organizational Structure Manager # stepdefinitions.CommonSteps.el_usuario_ha_iniciado_sesiÃ³n_y_esta_en_la_aplicaciÃ³n_organizational_structure_manager()
  Given el usuario hace click derecho en el company 'CompanyPosition'                          # stepdefinitions.osm.company.CompanySteps.el_usuario_hace_click_derecho_en_el_company(java.lang.String)
  When el usuario hace click en la opciÃ³n Delete Company                                       # stepdefinitions.osm.company.CompanySteps.el_usuario_hace_click_en_la_opciÃ³n_delete_company()
  Then se muestra un mensaje confirmando que se ha eliminado el company                        # stepdefinitions.osm.company.CompanySteps.se_muestra_un_mensaje_confirmando_que_se_ha_eliminado_el_company()
]]></system-out>
  </testcase>
</testsuite>